<?xml version="1.0" encoding="UTF-8"?>
<!-- Generated by org.testng.reporters.JUnitReportReporter -->
<testsuite skipped="11" hostname="AkshunyaJ-L" name="TestApi.MyTest" tests="11" failures="0" timestamp="2020-07-09T18:29:04 IST" time="0.000" errors="0">
  <testcase name="adminUserLogin" time="0.000" classname="TestApi.MyTest">
    <skipped/>
  </testcase> <!-- adminUserLogin -->
  <system-out/>
  <testcase name="adminverifyRefreshToken" time="0.000" classname="TestApi.MyTest">
    <skipped/>
  </testcase> <!-- adminverifyRefreshToken -->
  <system-out/>
  <testcase name="verifyGetMasterFilter" classname="TestApi.MyTest">
    <skipped/>
  </testcase> <!-- verifyGetMasterFilter -->
  <system-out/>
  <testcase name="verifyGetUserSegment" classname="TestApi.MyTest">
    <skipped/>
  </testcase> <!-- verifyGetUserSegment -->
  <system-out/>
  <testcase name="verifyCreateUserSegment" classname="TestApi.MyTest">
    <skipped/>
  </testcase> <!-- verifyCreateUserSegment -->
  <system-out/>
  <testcase name="verifyResetPasswordWithEmailLink" classname="TestApi.MyTest">
    <skipped/>
  </testcase> <!-- verifyResetPasswordWithEmailLink -->
  <system-out/>
  <testcase name="verifyDeleteUserSegment" classname="TestApi.MyTest">
    <skipped/>
  </testcase> <!-- verifyDeleteUserSegment -->
  <system-out/>
  <testcase name="verifyChangePasswordFromApp" classname="TestApi.MyTest">
    <skipped/>
  </testcase> <!-- verifyChangePasswordFromApp -->
  <system-out/>
  <testcase name="verifyGetUserSegments" classname="TestApi.MyTest">
    <skipped/>
  </testcase> <!-- verifyGetUserSegments -->
  <system-out/>
  <testcase name="verifyUpdateUserSegment" classname="TestApi.MyTest">
    <skipped/>
  </testcase> <!-- verifyUpdateUserSegment -->
  <system-out/>
  <testcase name="verifyForgetPasswordRequest" classname="TestApi.MyTest">
    <skipped/>
  </testcase> <!-- verifyForgetPasswordRequest -->
  <system-out/>
</testsuite> <!-- TestApi.MyTest -->
