<?xml version="1.0" encoding="UTF-8"?>
<!-- Generated by org.testng.reporters.JUnitReportReporter -->
<testsuite skipped="2" hostname="AkshunyaJ-L" name="TestApi.TestSuite" tests="13" failures="0" timestamp="2020-07-10T13:25:41 IST" time="7.114" errors="0">
  <testcase name="adminUserLogin" time="3.021" classname="TestApi.TestSuite"/>
  <system-out/>
  <testcase name="adminVerifyRefreshToken" time="0.480" classname="TestApi.TestSuite"/>
  <system-out/>
  <testcase name="adminVerifyGetMasterFilter" time="0.401" classname="TestApi.TestSuite"/>
  <system-out/>
  <testcase name="adminVerifyGetUserSegments" time="0.379" classname="TestApi.TestSuite"/>
  <system-out/>
  <testcase name="adminVerifyGetUserSegment" time="0.343" classname="TestApi.TestSuite"/>
  <system-out/>
  <testcase name="adminVerifyCreateUserSegment" time="0.311" classname="TestApi.TestSuite"/>
  <system-out/>
  <testcase name="adminVerifyUpdateUserSegment" time="0.296" classname="TestApi.TestSuite"/>
  <system-out/>
  <testcase name="adminVerifyDeleteUserSegment" time="0.389" classname="TestApi.TestSuite"/>
  <system-out/>
  <testcase name="adminVerifyChangePasswordFromApp" time="0.290" classname="TestApi.TestSuite"/>
  <system-out/>
  <testcase name="adminVerifyForgetPasswordRequest" time="0.868" classname="TestApi.TestSuite"/>
  <system-out/>
  <testcase name="adminVerifyLogError" time="0.336" classname="TestApi.TestSuite"/>
  <system-out/>
  <testcase name="userVerifyCreateUser" classname="TestApi.TestSuite">
    <skipped/>
  </testcase> <!-- userVerifyCreateUser -->
  <system-out/>
  <testcase name="adminVerifyResetPasswordWithEmailLink" classname="TestApi.TestSuite">
    <skipped/>
  </testcase> <!-- adminVerifyResetPasswordWithEmailLink -->
  <system-out/>
</testsuite> <!-- TestApi.TestSuite -->
